<?xml version="1.0" encoding="UTF-8"?>
<!-- Generated by org.testng.reporters.JUnitXMLReporter -->
<testsuite hostname="Mahesh" name="myTest" tests="4" failures="1" timestamp="8 Feb 2021 05:07:32 GMT" time="660.287" errors="0">
  <testcase name="addEmp" time="51.41" classname="sad.Sadanand"/>
  <testcase name="deleteEmp" time="0.0" classname="sad.Sadanand"/>
  <testcase name="editEmp" time="0.0" classname="sad.Sadanand"/>
  <testcase name="verifyLogin" time="608.622" classname="sad.Sadanand">
    <failure type="org.openqa.selenium.SessionNotCreatedException" message="session not created
from timeout: Timed out receiving message from renderer: 600.000
  (Session info: chrome=88.0.4324.146)
Build info: version: &amp;apos;3.141.59&amp;apos;, revision: &amp;apos;e82be7d358&amp;apos;, time: &amp;apos;2018-11-14T08:17:03&amp;apos;
System info: host: &amp;apos;MAHESH&amp;apos;, ip: &amp;apos;192.168.1.7&amp;apos;, os.name: &amp;apos;Windows 10&amp;apos;, os.arch: &amp;apos;amd64&amp;apos;, os.version: &amp;apos;10.0&amp;apos;, java.version: &amp;apos;1.8.0_221&amp;apos;
Driver info: driver.version: ChromeDriver
remote stacktrace: Backtrace:
	GetHandleVerifier [0x00BDB963+483]
	GetHandleVerifier [0x00BDB941+449]
	GetHandleVerifier [0x00F83308+3832712]
	GetHandleVerifier [0x00F7778C+3784716]
	GetHandleVerifier [0x00F76A47+3781319]
	GetHandleVerifier [0x00F76E36+3782326]
	GetHandleVerifier [0x00F76765+3780581]
	GetHandleVerifier [0x00F7FB21+3818401]
	GetHandleVerifier [0x00F76721+3780513]
	GetHandleVerifier [0x00F774B2+3783986]
	GetHandleVerifier [0x00F76A47+3781319]
	GetHandleVerifier [0x00F76E36+3782326]
	GetHandleVerifier [0x00F76765+3780581]
	GetHandleVerifier [0x00F7DF9C+3811356]
	GetHandleVerifier [0x00F76721+3780513]
	GetHandleVerifier [0x00F774B2+3783986]
	GetHandleVerifier [0x00F76A47+3781319]
	GetHandleVerifier [0x00F76E36+3782326]
	GetHandleVerifier [0x00F76765+3780581]
	GetHandleVerifier [0x00F7C392+3804178]
	GetHandleVerifier [0x00F76721+3780513]
	GetHandleVerifier [0x00F774B2+3783986]
	GetHandleVerifier [0x00F76A47+3781319]
	GetHandleVerifier [0x00F76E36+3782326]
	GetHandleVerifier [0x00F76765+3780581]
	GetHandleVerifier [0x00F7B655+3800789]
	GetHandleVerifier [0x00F76721+3780513]
	GetHandleVerifier [0x00F774B2+3783986]
	GetHandleVerifier [0x00F76A47+3781319]
	GetHandleVerifier [0x00F76E36+3782326]
	GetHandleVerifier [0x00F76765+3780581]
	GetHandleVerifier [0x00F72F46+3766214]
	GetHandleVerifier [0x00F76721+3780513]
	GetHandleVerifier [0x00F76543+3780035]
	GetHandleVerifier [0x00F76337+3779511]
	GetHandleVerifier [0x00F84540+3837376]
	GetHandleVerifier [0x00FBF4BC+4078908]
	GetHandleVerifier [0x00FBE56C+4074988]
	GetHandleVerifier [0x00FBB2EB+4062059]
	GetHandleVerifier [0x00F9ED14+3945876]
	GetHandleVerifier [0x00F9FBCE+3949646]
	GetHandleVerifier [0x00F9FB59+3949529]
	Ordinal0 [0x00B9B5CC+46540]
	Ordinal0 [0x00B99F53+40787]
	Ordinal0 [0x00B99B12+39698]
	GetHandleVerifier [0x00EA1468+2907368]
	GetHandleVerifier [0x00CE71EE+1096302]
	GetHandleVerifier [0x00CA3E8D+821005]
	GetHandleVerifier [0x00CA396B+819691]
	GetHandleVerifier [0x00CA3881+819457]
	GetHandleVerifier [0x00CCF463+998627]
	BaseThreadInitThunk [0x75F5FA29+25]
	RtlGetAppContainerNamedObjectPath [0x77C675F4+228]
	RtlGetAppContainerNamedObjectPath [0x77C675C4+180]
">
      <![CDATA[org.openqa.selenium.SessionNotCreatedException: session not created
from timeout: Timed out receiving message from renderer: 600.000
  (Session info: chrome=88.0.4324.146)
Build info: version: '3.141.59', revision: 'e82be7d358', time: '2018-11-14T08:17:03'
System info: host: 'MAHESH', ip: '192.168.1.7', os.name: 'Windows 10', os.arch: 'amd64', os.version: '10.0', java.version: '1.8.0_221'
Driver info: driver.version: ChromeDriver
remote stacktrace: Backtrace:
	GetHandleVerifier [0x00BDB963+483]
	GetHandleVerifier [0x00BDB941+449]
	GetHandleVerifier [0x00F83308+3832712]
	GetHandleVerifier [0x00F7778C+3784716]
	GetHandleVerifier [0x00F76A47+3781319]
	GetHandleVerifier [0x00F76E36+3782326]
	GetHandleVerifier [0x00F76765+3780581]
	GetHandleVerifier [0x00F7FB21+3818401]
	GetHandleVerifier [0x00F76721+3780513]
	GetHandleVerifier [0x00F774B2+3783986]
	GetHandleVerifier [0x00F76A47+3781319]
	GetHandleVerifier [0x00F76E36+3782326]
	GetHandleVerifier [0x00F76765+3780581]
	GetHandleVerifier [0x00F7DF9C+3811356]
	GetHandleVerifier [0x00F76721+3780513]
	GetHandleVerifier [0x00F774B2+3783986]
	GetHandleVerifier [0x00F76A47+3781319]
	GetHandleVerifier [0x00F76E36+3782326]
	GetHandleVerifier [0x00F76765+3780581]
	GetHandleVerifier [0x00F7C392+3804178]
	GetHandleVerifier [0x00F76721+3780513]
	GetHandleVerifier [0x00F774B2+3783986]
	GetHandleVerifier [0x00F76A47+3781319]
	GetHandleVerifier [0x00F76E36+3782326]
	GetHandleVerifier [0x00F76765+3780581]
	GetHandleVerifier [0x00F7B655+3800789]
	GetHandleVerifier [0x00F76721+3780513]
	GetHandleVerifier [0x00F774B2+3783986]
	GetHandleVerifier [0x00F76A47+3781319]
	GetHandleVerifier [0x00F76E36+3782326]
	GetHandleVerifier [0x00F76765+3780581]
	GetHandleVerifier [0x00F72F46+3766214]
	GetHandleVerifier [0x00F76721+3780513]
	GetHandleVerifier [0x00F76543+3780035]
	GetHandleVerifier [0x00F76337+3779511]
	GetHandleVerifier [0x00F84540+3837376]
	GetHandleVerifier [0x00FBF4BC+4078908]
	GetHandleVerifier [0x00FBE56C+4074988]
	GetHandleVerifier [0x00FBB2EB+4062059]
	GetHandleVerifier [0x00F9ED14+3945876]
	GetHandleVerifier [0x00F9FBCE+3949646]
	GetHandleVerifier [0x00F9FB59+3949529]
	Ordinal0 [0x00B9B5CC+46540]
	Ordinal0 [0x00B99F53+40787]
	Ordinal0 [0x00B99B12+39698]
	GetHandleVerifier [0x00EA1468+2907368]
	GetHandleVerifier [0x00CE71EE+1096302]
	GetHandleVerifier [0x00CA3E8D+821005]
	GetHandleVerifier [0x00CA396B+819691]
	GetHandleVerifier [0x00CA3881+819457]
	GetHandleVerifier [0x00CCF463+998627]
	BaseThreadInitThunk [0x75F5FA29+25]
	RtlGetAppContainerNamedObjectPath [0x77C675F4+228]
	RtlGetAppContainerNamedObjectPath [0x77C675C4+180]

	at org.openqa.selenium.remote.W3CHandshakeResponse.lambda$errorHandler$0(W3CHandshakeResponse.java:62)
	at org.openqa.selenium.remote.HandshakeResponse.lambda$getResponseFunction$0(HandshakeResponse.java:30)
	at org.openqa.selenium.remote.ProtocolHandshake.lambda$createSession$0(ProtocolHandshake.java:126)
	at java.util.stream.ReferencePipeline$3$1.accept(ReferencePipeline.java:193)
	at java.util.Spliterators$ArraySpliterator.tryAdvance(Spliterators.java:958)
	at java.util.stream.ReferencePipeline.forEachWithCancel(ReferencePipeline.java:126)
	at java.util.stream.AbstractPipeline.copyIntoWithCancel(AbstractPipeline.java:499)
	at java.util.stream.AbstractPipeline.copyInto(AbstractPipeline.java:486)
	at java.util.stream.AbstractPipeline.wrapAndCopyInto(AbstractPipeline.java:472)
	at java.util.stream.FindOps$FindOp.evaluateSequential(FindOps.java:152)
	at java.util.stream.AbstractPipeline.evaluate(AbstractPipeline.java:234)
	at java.util.stream.ReferencePipeline.findFirst(ReferencePipeline.java:464)
	at org.openqa.selenium.remote.ProtocolHandshake.createSession(ProtocolHandshake.java:128)
	at org.openqa.selenium.remote.ProtocolHandshake.createSession(ProtocolHandshake.java:74)
	at org.openqa.selenium.remote.HttpCommandExecutor.execute(HttpCommandExecutor.java:136)
	at org.openqa.selenium.remote.service.DriverCommandExecutor.execute(DriverCommandExecutor.java:83)
	at org.openqa.selenium.remote.RemoteWebDriver.execute(RemoteWebDriver.java:552)
	at org.openqa.selenium.remote.RemoteWebDriver.startSession(RemoteWebDriver.java:213)
	at org.openqa.selenium.remote.RemoteWebDriver.<init>(RemoteWebDriver.java:131)
	at org.openqa.selenium.chrome.ChromeDriver.<init>(ChromeDriver.java:181)
	at org.openqa.selenium.chrome.ChromeDriver.<init>(ChromeDriver.java:168)
	at org.openqa.selenium.chrome.ChromeDriver.<init>(ChromeDriver.java:123)
	at sad.Sadanand.verifyLogin(Sadanand.java:10)
	at org.apache.maven.surefire.testng.TestNGExecutor.run(TestNGExecutor.java:283)
	at org.apache.maven.surefire.testng.TestNGXmlTestSuite.execute(TestNGXmlTestSuite.java:75)
	at org.apache.maven.surefire.testng.TestNGProvider.invoke(TestNGProvider.java:120)
	at org.apache.maven.surefire.booter.ForkedBooter.invokeProviderInSameClassLoader(ForkedBooter.java:386)
	at org.apache.maven.surefire.booter.ForkedBooter.runSuitesInProcess(ForkedBooter.java:323)
	at org.apache.maven.surefire.booter.ForkedBooter.main(ForkedBooter.java:143)
... Removed 25 stack frames]]>
    </failure>
  </testcase> <!-- verifyLogin -->
</testsuite> <!-- myTest -->
